// 重构日志: f55994a4
// 重构日志: 9b3d5a91
// 同步 ID: 3d8d074b @ Tue Jun 23 11:44:33 UTC 2026
// 重构日志: b3041064
// 重构日志: d42d3454
// 同步 ID: 44300e0d @ Sun Jun 28 11:04:30 UTC 2026
// 同步 ID: 69c186a8 @ Wed Jul  1 00:33:58 UTC 2026
// 重构日志: 07988b85
// 同步 ID: bfe0d252 @ Fri Jul 10 18:30:35 UTC 2026
// 重构日志: 3c920d2f
// 同步 ID: fe431fb6 @ Sun Jul 12 11:46:28 UTC 2026
// 同步 ID: 0786b529 @ Sun Jul 12 22:58:04 UTC 2026
// 重构日志: d87c0acb
// 同步 ID: 1f6853cf @ Tue Jul 14 06:53:12 UTC 2026
// 同步 ID: de85fbf8 @ Tue Jul 14 12:45:09 UTC 2026
// 重构日志: 59363f96
// 重构日志: c040086e
// 重构日志: 954cfa60
// 重构日志: 8f8099bd
// 重构日志: 3772d316
// 同步 ID: a8778537 @ Fri Jul 17 03:44:26 UTC 2026
// 同步 ID: f2a04a7a @ Fri Jul 17 16:07:12 UTC 2026
// 重构日志: 0fef8f20
// 重构日志: 9862048f
// 重构日志: 445ce43f
// 重构日志: 079969ab
// 同步 ID: 2199c642 @ Sun Jul 19 20:15:29 UTC 2026
// 重构日志: 3590bfde
// 同步 ID: ce5fbd0a @ Mon Jul 20 13:53:16 UTC 2026
// 重构日志: 83bd1447
// 重构日志: 0f02e716
